<?xml version="1.0" encoding="UTF-8"?>
<testng-results skipped="0" failed="0" ignored="0" total="2" passed="2">
  <reporter-output>
  </reporter-output>
  <suite name="Suite" duration-ms="25892" started-at="2019-02-15T06:36:13Z" finished-at="2019-02-15T06:36:39Z">
    <groups>
    </groups>
    <test name="Test" duration-ms="25892" started-at="2019-02-15T06:36:13Z" finished-at="2019-02-15T06:36:39Z">
      <class name="Google.Google">
        <test-method status="PASS" signature="Setup()[pri:0, instance:Google.Google@61832929]" name="Setup" is-config="true" duration-ms="5487" started-at="2019-02-15T06:36:13Z" finished-at="2019-02-15T06:36:18Z">
          <reporter-output>
          </reporter-output>
        </test-method> <!-- Setup -->
        <test-method status="PASS" signature="method2()[pri:0, instance:Google.Google@61832929]" name="method2" duration-ms="1601" started-at="2019-02-15T06:36:37Z" finished-at="2019-02-15T06:36:38Z">
          <reporter-output>
          </reporter-output>
        </test-method> <!-- method2 -->
        <test-method status="PASS" signature="TearDown()[pri:0, instance:Google.Google@61832929]" name="TearDown" is-config="true" duration-ms="685" started-at="2019-02-15T06:36:38Z" finished-at="2019-02-15T06:36:39Z">
          <reporter-output>
          </reporter-output>
        </test-method> <!-- TearDown -->
      </class> <!-- Google.Google -->
      <class name="Google.Amazontitle">
        <test-method status="PASS" signature="setup()[pri:0, instance:Google.Amazontitle@29774679]" name="setup" is-config="true" duration-ms="3272" started-at="2019-02-15T06:36:19Z" finished-at="2019-02-15T06:36:22Z">
          <reporter-output>
          </reporter-output>
        </test-method> <!-- setup -->
        <test-method status="PASS" signature="google()[pri:0, instance:Google.Amazontitle@29774679]" name="google" duration-ms="12692" started-at="2019-02-15T06:36:22Z" finished-at="2019-02-15T06:36:34Z">
          <reporter-output>
          </reporter-output>
        </test-method> <!-- google -->
        <test-method status="PASS" signature="CloseBrowser()[pri:0, instance:Google.Amazontitle@29774679]" name="CloseBrowser" is-config="true" duration-ms="2118" started-at="2019-02-15T06:36:34Z" finished-at="2019-02-15T06:36:37Z">
          <reporter-output>
          </reporter-output>
        </test-method> <!-- CloseBrowser -->
      </class> <!-- Google.Amazontitle -->
    </test> <!-- Test -->
  </suite> <!-- Suite -->
</testng-results>
